[01m[Kcc1plus:[m[K [01;31m[Kfatal error: [m[K/home/nilum-sachithya/ros2_ws/src/Nilums_pkg/src/Nilums_Node.cpp: No such file or directory
compilation terminated.
gmake[2]: *** [CMakeFiles/Nilums_Node.dir/build.make:76: CMakeFiles/Nilums_Node.dir/src/Nilums_Node.cpp.o] Error 1
gmake[1]: *** [CMakeFiles/Makefile2:137: CMakeFiles/Nilums_Node.dir/all] Error 2
gmake: *** [Makefile:146: all] Error 2
